=== LUMIÈRE ETL DIAGNOSTIC LOG ===

[52968] Lel Regal Fakat (1964) -> Entity not found across all search vectors. Searched: 'Lel Regal Fakat'
[45253] Tito po drugi put medju srbima (1993) -> Entity not found across all search vectors. Searched: 'Tito po drugi put medju srbima'
[28353] Cimu qu (1937) -> Entity not found across all search vectors. Searched: 'Cimu qu'
[53310] Bing shan shang de lai ke (1963) -> Entity not found across all search vectors. Searched: 'Bing shan shang de lai ke'
[32337] Juexiang (1986) -> Entity not found across all search vectors. Searched: 'Juexiang'
[53885] Falconhead Part II: The Maneaters (1984) -> Entity not found across all search vectors. Searched: 'Falconhead Part II: The Maneaters'
[19801] Zapruder Film of Kennedy Assassination (1963) -> Entity not found across all search vectors. Searched: 'Zapruder Film of Kennedy Assassination'
[30215] Krsysztof Penderecki [TV] (1968) -> Entity not found across all search vectors. Searched: 'Krsysztof Penderecki'
[52734] Papa, umer Ded Moroz (1991) -> Entity not found across all search vectors. Searched: 'Papa, umer Ded Moroz'
[42585] Bright Day of My Life, The (1948) -> Entity not found across all search vectors. Searched: 'The Bright Day of My Life'
[38554] O Beautiful Istanbul (1966) -> Entity not found across all search vectors. Searched: 'O Beautiful Istanbul'
[34731] Sae sang bakuro (1994) -> Entity not found across all search vectors. Searched: 'Sae sang bakuro'
[40146] Everyboody He is Nice, Everybody He is Beautiful (1972) -> Entity not found across all search vectors. Searched: 'Everyboody He is Nice, Everybody He is Beautiful'
[29092] Seven Intellectuals in a Bamboo Forest (2008) -> Entity not found across all search vectors. Searched: 'Seven Intellectuals in a Bamboo Forest'
[32101] Gaijin - Os Caminhos da Liberdade (1980) -> Entity not found across all search vectors. Searched: 'Gaijin - Os Caminhos da Liberdade'
[41918] Nezumikozô Jirokichi: Futatabi edo no maki (1933) -> Entity not found across all search vectors. Searched: 'Nezumikozô Jirokichi: Futatabi edo no maki'
[48740] Man, Woman & the Wall (2006) -> Entity not found across all search vectors. Searched: 'Man, Woman & the Wall'
[44178] Enoken no chakkiri Kinta 'Zen' - Mamayo sandogasa - Ikiwa yoiyoi (1937) -> Entity not found across all search vectors. Searched: 'Enoken no chakkiri Kinta 'Zen' - Mamayo sandogasa - Ikiwa yoiyoi'
[35150] Yi ge mo sheng nu ren de lai xin (2004) -> Entity not found across all search vectors. Searched: 'Yi ge mo sheng nu ren de lai xin'
[28354] Feng yun er nü (1935) -> Entity not found across all search vectors. Searched: 'Feng yun er nü'
[28708] Womem from the Lake of Scented Souls, The (1993) -> Entity not found across all search vectors. Searched: 'The Womem from the Lake of Scented Souls'
[54572] History of the Entire World, I Guess (2017) -> Entity not found across all search vectors. Searched: 'History of the Entire World, I Guess'
[35145] Heroic Suns and Daughters (1964) -> Entity not found across all search vectors. Searched: 'Heroic Suns and Daughters'
[37014] Eye on Research [TV] (1957-59) -> Entity not found across all search vectors. Searched: 'Eye on Research'
[47492] Twilight Zone: The Monsters Are Due on Maple Street, The [TV] (1960) -> Entity not found across all search vectors. Searched: 'The Twilight Zone: The Monsters Are Due on Maple Street'
[10023] I'll Never Forget What's'is Name (1967) -> Entity not found across all search vectors. Searched: 'I'll Never Forget What's'is Name'
[45288] K Tape One (1974) -> Entity not found across all search vectors. Searched: 'K Tape One'
[31446] Erskinville Kings (1999) -> Entity not found across all search vectors. Searched: 'Erskinville Kings'
[45312] Dora or the Sexual Neurosis of Our Parents (2015) -> Entity not found across all search vectors. Searched: 'Dora or the Sexual Neurosis of Our Parents'
[53274] Zhan di zhi xing (1983) -> Entity not found across all search vectors. Searched: 'Zhan di zhi xing'
[41750] Selected Works: Reel 4 (1972) -> Entity not found across all search vectors. Searched: 'Selected Works: Reel 4'
[44511] SLEEPCINEMAHOTEL [INSTALLATION] (2018) -> Entity not found across all search vectors. Searched: 'SLEEPCINEMAHOTEL'
[38519] **** (1967) -> Entity not found across all search vectors. Searched: '****'
[26051] 13 Most Beautiful Women, The (1964) -> Entity not found across all search vectors. Searched: 'The 13 Most Beautiful Women'
[53305] Chang kong xiong ying (1976) -> Entity not found across all search vectors. Searched: 'Chang kong xiong ying'
[24998] Go, Go Second Time Virgin (1969) -> Entity not found across all search vectors. Searched: 'Go, Go Second Time Virgin'
[44397] Sense8: Amor Vincit Omnia [TV Episode] (2018) -> Entity not found across all search vectors. Searched: 'Sense8: Amor Vincit Omnia'
[31918] There Grows a Green Pine in the Woods (1971) -> Entity not found across all search vectors. Searched: 'There Grows a Green Pine in the Woods'
[45321] Leben drehen - wie mein Vater versuchte, das Glück festzuhalten, Das (2015) -> Entity not found across all search vectors. Searched: 'Leben drehen - wie mein Vater versuchte, das Glück festzuhalten, Das'
[48825] Aapathbandavudu (1992) -> Entity not found across all search vectors. Searched: 'Aapathbandavudu'
[33050] Kino-pravda 1-23 (1922-25) -> Entity not found across all search vectors. Searched: 'Kino-pravda 1-23'
[52885] Kazakhstan - frontu! (1942) -> Entity not found across all search vectors. Searched: 'Kazakhstan - frontu!'
[42659] Kino-pravda no. 21 - Leninskaia Kino-pravda. Kinopoema o Lenine (1925) -> Entity not found across all search vectors. Searched: 'Kino-pravda no. 21 - Leninskaia Kino-pravda. Kinopoema o Lenine'
[36591] Destiny Has No Favourites (2003) -> Entity not found across all search vectors. Searched: 'Destiny Has No Favourites'
[52989] Change pas de main (1975) -> Entity not found across all search vectors. Searched: 'Change pas de main'
[42188] Fuete (1987) -> Entity not found across all search vectors. Searched: 'Fuete'
[32195] Ylen Tietoiskut (1970) -> Entity not found across all search vectors. Searched: 'Ylen Tietoiskut'
[49762] Laatste woorden (1998) -> Entity not found across all search vectors. Searched: 'Laatste woorden'
[25404] BBC News Ethiopia Report (1984) -> Entity not found across all search vectors. Searched: 'BBC News Ethiopia Report'
[45116] Resurrected Monster, The (1953) -> Entity not found across all search vectors. Searched: 'The Resurrected Monster'
[51147] [Enema Medley] (1960-62) -> Entity not found across all search vectors. Searched: ''
[50726] John C. Depp, II v. Amber Laura Heard (2022) -> Entity not found across all search vectors. Searched: 'John C. Depp, II v. Amber Laura Heard'
[51143] Labour Party General Election Social Media Launch Video (2019) -> Entity not found across all search vectors. Searched: 'Labour Party General Election Social Media Launch Video'
[37414] Horizon: World of Buckminster Fuller, The [TV] (1964) -> Entity not found across all search vectors. Searched: 'The Horizon: World of Buckminster Fuller'
[22865] Beautiful Boxer, The (2003) -> Entity not found across all search vectors. Searched: 'The Beautiful Boxer'
[29486] Miyamoto Musashi IV: Duel at Ichijyo-ji Temple (1964) -> Entity not found across all search vectors. Searched: 'Miyamoto Musashi IV: Duel at Ichijyo-ji Temple'
[29485] Miyamoto Musashi III: Birth of the Nito-ryu Style (1963) -> Entity not found across all search vectors. Searched: 'Miyamoto Musashi III: Birth of the Nito-ryu Style'
[33444] Kagiraniki zenshin (1937) -> Entity not found across all search vectors. Searched: 'Kagiraniki zenshin'
[37653] Da tou zai (1988) -> Entity not found across all search vectors. Searched: 'Da tou zai'
[42903] Deserted: VR, The (2017) -> Entity not found across all search vectors. Searched: 'The Deserted: VR'
[32463] Na voyne, kak na voyne (1968) -> Entity not found across all search vectors. Searched: 'Na voyne, kak na voyne'
[54787] Men I Loved, The (1973) -> Entity not found across all search vectors. Searched: 'The Men I Loved'
[20555] Blue Express, The (1929) -> Entity not found across all search vectors. Searched: 'The Blue Express'
[20536] East of River Sumida/Bokuto Kidan (1960) -> Entity not found across all search vectors. Searched: 'East of River Sumida/Bokuto Kidan'
[46427] Ordannance, L' (1921) -> Entity not found across all search vectors. Searched: 'L' Ordannance'
[53300] Yoake no kuni (1967) -> Entity not found across all search vectors. Searched: 'Yoake no kuni'
[25344] Khon jorn (1999) -> Entity not found across all search vectors. Searched: 'Khon jorn'
[53166] How to ting ting yang rai mai hai leua ter (2019) -> Entity not found across all search vectors. Searched: 'How to ting ting yang rai mai hai leua ter'
[37408] Africa, I will Pluck you Clean (1992) -> Entity not found across all search vectors. Searched: 'Africa, I will Pluck you Clean'
[53815] Charley Says: Strangers (1973) -> Entity not found across all search vectors. Searched: 'Charley Says: Strangers'
[54914] Koinoniki sapila (1932) -> Entity not found across all search vectors. Searched: 'Koinoniki sapila'
[53755] Order na arest (1926) -> Entity not found across all search vectors. Searched: 'Order na arest'
[32172] Naapurilähiö [TV Series] (1969-76) -> Entity not found across all search vectors. Searched: 'Naapurilähiö'
[52976] Untama giru (1989) -> Entity not found across all search vectors. Searched: 'Untama giru'
[44059] Shikisoku Generation, The (2009) -> Entity not found across all search vectors. Searched: 'The Shikisoku Generation'
[51128] Guest of Life: Alexander Csoma De Körös, A (2006) -> Entity not found across all search vectors. Searched: 'A Guest of Life: Alexander Csoma De Körös'
[45523] Easy: Package Thief [TV] (2017) -> Entity not found across all search vectors. Searched: 'Easy: Package Thief'
[31718] Manly Games (1988) -> Entity not found across all search vectors. Searched: 'Manly Games'
[55112] Lustful Shogun and His 21 Concubines, The (1972) -> Entity not found across all search vectors. Searched: 'The Lustful Shogun and His 21 Concubines'
[25806] Remando al viento/Rowing in the Wind (1988) -> Entity not found across all search vectors. Searched: 'Remando al viento/Rowing in the Wind'
[39695] Visions of Clair (1977) -> Entity not found across all search vectors. Searched: 'Visions of Clair'
[33105] Artemis' Knee (2008) -> Entity not found across all search vectors. Searched: 'Artemis' Knee'
[45378] Portrait of a Married Couple (2002) -> Entity not found across all search vectors. Searched: 'Portrait of a Married Couple'
[51563] Nazi Concentration and Prison Camps (1945) -> Entity not found across all search vectors. Searched: 'Nazi Concentration and Prison Camps'
[33363] Argentinian Lesson, The (2011) -> Entity not found across all search vectors. Searched: 'The Argentinian Lesson'
[31265] Guilty of Romance (2011) -> Entity not found across all search vectors. Searched: 'Guilty of Romance'
[36968] Last Summer of La Boyita, The (2009) -> Entity not found across all search vectors. Searched: 'The Last Summer of La Boyita'
[54862] In Memoriam (For Mark LaPore) Series (2005-08) -> Entity not found across all search vectors. Searched: 'In Memoriam  Series'
[45426] Emblazaned Apparition, The (2013) -> Entity not found across all search vectors. Searched: 'The Emblazaned Apparition'
[51703] Brief Life of Fire, Act 2, Scene 2: Suring and the Kuk-ok (1995) -> Entity not found across all search vectors. Searched: 'Brief Life of Fire, Act 2, Scene 2: Suring and the Kuk-ok'
[53754] Sem shagov za gorizont (1968) -> Entity not found across all search vectors. Searched: 'Sem shagov za gorizont'
[49172] Zack Synder's Justice League (2021) -> Entity not found across all search vectors. Searched: 'Zack Synder's Justice League'
[48588] Death in Vignole (1998) -> Entity not found across all search vectors. Searched: 'Death in Vignole'
[53972] Number 14: Late Superimpositions (1964) -> Entity not found across all search vectors. Searched: 'Number 14: Late Superimpositions'
[33082] Number 11: Mirror Animations (1956) -> Entity not found across all search vectors. Searched: 'Number 11: Mirror Animations'
[27786] Film No.3: Interwoven (1947) -> Entity not found across all search vectors. Searched: 'Film No.3: Interwoven'
[36844] Byelorussia Station (1971) -> Entity not found across all search vectors. Searched: 'Byelorussia Station'
[47491] Twilight Zone: Twenty Two, The [TV] (1961) -> Entity not found across all search vectors. Searched: 'The Twilight Zone: Twenty Two'
[46637] Unwritten Letter, An (1985) -> Entity not found across all search vectors. Searched: 'An Unwritten Letter'
[54559] Wistful Wilderness (2010) -> Entity not found across all search vectors. Searched: 'Wistful Wilderness'
[43353] Galpa Holeo Satyi (1966) -> Entity not found across all search vectors. Searched: 'Galpa Holeo Satyi'
[43382] Alms for a Blind Horse (2011) -> Entity not found across all search vectors. Searched: 'Alms for a Blind Horse'
[20850] Who's Singing Over There? (1980) -> Entity not found across all search vectors. Searched: 'Who's Singing Over There?'
[53653] Shkurnyk (1929) -> Entity not found across all search vectors. Searched: 'Shkurnyk'
[41913] Kare to kanojo to shonentachi (1935) -> Entity not found across all search vectors. Searched: 'Kare to kanojo to shonentachi'
[51690] Seven Seas: Frigidity Chapter (1932) -> Entity not found across all search vectors. Searched: 'Seven Seas: Frigidity Chapter'
[53307] Nü da xue sheng su she (1983) -> Entity not found across all search vectors. Searched: 'Nü da xue sheng su she'
[53667] Chernobyl. Khronika trudnykh nedel (1987) -> Entity not found across all search vectors. Searched: 'Chernobyl. Khronika trudnykh nedel'
[37468] Grosvenor Square Demonstration (1968) -> Entity not found across all search vectors. Searched: 'Grosvenor Square Demonstration'
[53418] Trening lichnostnogo rosta (2018) -> Entity not found across all search vectors. Searched: 'Trening lichnostnogo rosta'
[44203] Vystrel na perevale Karash (1968) -> Entity not found across all search vectors. Searched: 'Vystrel na perevale Karash'
[32141] Mujhe Chand Chaiye (2000) -> Entity not found across all search vectors. Searched: 'Mujhe Chand Chaiye'
[36826] General's Moustache, The (1968) -> Entity not found across all search vectors. Searched: 'The General's Moustache'
[36830] Highschool Joker (1977) -> Entity not found across all search vectors. Searched: 'Highschool Joker'
[54619] Rhythm Nation 1814 (1989) -> Entity not found across all search vectors. Searched: 'Rhythm Nation 1814'
[38481] Paroma (1984) -> Entity not found across all search vectors. Searched: 'Paroma'
[33246] Losses to Be Expected (1992) -> Entity not found across all search vectors. Searched: 'Losses to Be Expected'
[43713] Man with No Shadow, The (2004) -> Entity not found across all search vectors. Searched: 'The Man with No Shadow'
[34701] Mowaten we Mokhber we Haramy (2001) -> Entity not found across all search vectors. Searched: 'Mowaten we Mokhber we Haramy'
[24064] Cafe Flesh (1982) -> Entity not found across all search vectors. Searched: 'Cafe Flesh'
[42643] Shinsengumi: Assassins of Honour (1969) -> Entity not found across all search vectors. Searched: 'Shinsengumi: Assassins of Honour'
[27668] Vagabond's Valse, The (1941) -> Entity not found across all search vectors. Searched: 'The Vagabond's Valse'
[37743] Damini - Lightning (1993) -> Entity not found across all search vectors. Searched: 'Damini - Lightning'
[21361] Jeremy Hardy versus the Israeli Army (2003) -> Entity not found across all search vectors. Searched: 'Jeremy Hardy versus the Israeli Army'
[22712] Miserable at Middle Age (1949) -> Entity not found across all search vectors. Searched: 'Miserable at Middle Age'
[39909] All-Around Reduced Personality: Outtakes, The (1978) -> Entity not found across all search vectors. Searched: 'The All-Around Reduced Personality: Outtakes'
[52880] Blagoslovennaya Bukhara (1991) -> Entity not found across all search vectors. Searched: 'Blagoslovennaya Bukhara'
[21547] Chaudhvin Ka Chand (1961) -> Entity not found across all search vectors. Searched: 'Chaudhvin Ka Chand'
[48698] Zigzag udachi (1968) -> Entity not found across all search vectors. Searched: 'Zigzag udachi'
[53267] Devushka bez adresa (1958) -> Entity not found across all search vectors. Searched: 'Devushka bez adresa'
[10007] Hell's Angels on Wheels (1967) -> Entity not found across all search vectors. Searched: 'Hell's Angels on Wheels'
[53625] Myortvye docheri (2007) -> Entity not found across all search vectors. Searched: 'Myortvye docheri'
[43361] Aval Appadithaan (1978) -> Entity not found across all search vectors. Searched: 'Aval Appadithaan'
[46675] Lourdes and Its Miracles (1955) -> Entity not found across all search vectors. Searched: 'Lourdes and Its Miracles'
[50858] Veuves de 15 ans, Les (1965) -> Entity not found across all search vectors. Searched: 'Les Veuves de 15 ans'
[34957] Dakarguli samotkhe (1938) -> Entity not found across all search vectors. Searched: 'Dakarguli samotkhe'
[52993] Elvira Fernández, vendedora de tiendas (1942) -> Entity not found across all search vectors. Searched: 'Elvira Fernández, vendedora de tiendas'
[51113] Name of the Game: The Perfect Image, The [TV] (1969) -> Entity not found across all search vectors. Searched: 'The Name of the Game: The Perfect Image'
[32042] A.T.M.: iiA toda maquina!! (1951) -> Entity not found across all search vectors. Searched: 'A.T.M.: iiA toda maquina!!'
[31863] General Returns from Once Place to Another (2006) -> Entity not found across all search vectors. Searched: 'General Returns from Once Place to Another'
[37357] Renoir, the Boss [TV] (1967) -> Entity not found across all search vectors. Searched: 'Renoir, the Boss'
[38309] Castle of Purity, The (1973) -> Entity not found across all search vectors. Searched: 'The Castle of Purity'
[41992] Ragged Football (1948) -> Entity not found across all search vectors. Searched: 'Ragged Football'
[39890] Chotard and Company (1933) -> Entity not found across all search vectors. Searched: 'Chotard and Company'
[42376] VRfilm (1994) -> Entity not found across all search vectors. Searched: 'VRfilm'
[9590] Treasure of Silver Lake, The (1962) -> Entity not found across all search vectors. Searched: 'The Treasure of Silver Lake'
[21718] Good Old Naughty Days, The (2002) -> Entity not found across all search vectors. Searched: 'The Good Old Naughty Days'
[50872] Mining Review 7/12: Balletomines (1954) -> Entity not found across all search vectors. Searched: 'Mining Review 7/12: Balletomines'
[38482] Paras-Pathar (1958) -> Entity not found across all search vectors. Searched: 'Paras-Pathar'
[9617] Willy McBean and his Magic Machine (1965) -> Entity not found across all search vectors. Searched: 'Willy McBean and his Magic Machine'
[38474] Muthal Mariyathai (1985) -> Entity not found across all search vectors. Searched: 'Muthal Mariyathai'
[49192] Bloodsuckers - A Marxist Vampire Comedy (2021) -> Entity not found across all search vectors. Searched: 'Bloodsuckers - A Marxist Vampire Comedy'
[42283] Robert Ryland's Last Journey (1996) -> Entity not found across all search vectors. Searched: 'Robert Ryland's Last Journey'
[32222] Cowboy's Flute, The (1963) -> Entity not found across all search vectors. Searched: 'The Cowboy's Flute'
[54863] Biscotts Series (2005-08) -> Entity not found across all search vectors. Searched: 'Biscotts Series'
[49678] Operaciones del doctor Posadas, Las (1897) -> Entity not found across all search vectors. Searched: 'Las Operaciones del doctor Posadas'
[35043] Ghesehaye Majid [TV Series] (1990) -> Entity not found across all search vectors. Searched: 'Ghesehaye Majid'
[51987] Boys in the Sand (1971) -> Entity not found across all search vectors. Searched: 'Boys in the Sand'
[32315] They All Lie (2009) -> Entity not found across all search vectors. Searched: 'They All Lie'
[36506] Hated: GG Alin & the Murder Junkies (1993) -> Entity not found across all search vectors. Searched: 'Hated: GG Alin & the Murder Junkies'
[46137] Havana Suite (2003) -> Entity not found across all search vectors. Searched: 'Havana Suite'
[42108] Super Xuxa Contra o Baixo Astral (1988) -> Entity not found across all search vectors. Searched: 'Super Xuxa Contra o Baixo Astral'
[36958] Accused: Tracie's Story [TV] (2012) -> Entity not found across all search vectors. Searched: 'Accused: Tracie's Story'
[38492] 22 June 1987 (1979) -> Entity not found across all search vectors. Searched: '22 June 1987'
[45283] Idea Demonstrations Part 1 (1972) -> Entity not found across all search vectors. Searched: 'Idea Demonstrations Part 1'
[27969] South Park: Fantastic Easter Special [TV] (2007) -> Entity not found across all search vectors. Searched: 'South Park: Fantastic Easter Special'
[36815] Dosuni (1963) -> Entity not found across all search vectors. Searched: 'Dosuni'
[35017] Black Republic, The (1990) -> Entity not found across all search vectors. Searched: 'The Black Republic'
[33436] Kiyevskiye freski (1966) -> Entity not found across all search vectors. Searched: 'Kiyevskiye freski'
[34323] Burden of the Beast (2004) -> Entity not found across all search vectors. Searched: 'Burden of the Beast'
[35207] iVampiros en la Habana! (1985) -> Entity not found across all search vectors. Searched: 'iVampiros en la Habana!'
[43363] Peruvazhiyampalam (1979) -> Entity not found across all search vectors. Searched: 'Peruvazhiyampalam'
[27991] Return of the Streetfighter (1974) -> Entity not found across all search vectors. Searched: 'Return of the Streetfighter'
[27676] Lottomainos (1978) -> Entity not found across all search vectors. Searched: 'Lottomainos'
[53750] Vkhodyashchaya v more (1965) -> Entity not found across all search vectors. Searched: 'Vkhodyashchaya v more'
[54903] Lebende Leichman, Der (1918) -> Entity not found across all search vectors. Searched: 'Lebende Leichman, Der'
[51765] Diary of a Lost Woman, The (1918) -> Entity not found across all search vectors. Searched: 'The Diary of a Lost Woman'
[41702] Outer Limits: The Forms of Things Unknown, The [TV] (1964) -> Entity not found across all search vectors. Searched: 'The Outer Limits: The Forms of Things Unknown'
[48668] Diary of a Yunbogi Boy (1965) -> Entity not found across all search vectors. Searched: 'Diary of a Yunbogi Boy'
[22555] Troubles We've Seen, The: A History of Journalism in Wartime (1994) -> Entity not found across all search vectors. Searched: 'Troubles We've Seen, The: A History of Journalism in Wartime'
[42145] Day of Despair, The (1992) -> Entity not found across all search vectors. Searched: 'The Day of Despair'
[44033] Meteorango Kid: Herói Intergalático (1969) -> Entity not found across all search vectors. Searched: 'Meteorango Kid: Herói Intergalático'
[34450] Pim, Pam, Pum... Fire! (1975) -> Entity not found across all search vectors. Searched: 'Pim, Pam, Pum... Fire!'
[53938] Eto loshadi (1965) -> Entity not found across all search vectors. Searched: 'Eto loshadi'
[49655] Well-Ordered Restaurant, A (1992) -> Entity not found across all search vectors. Searched: 'A Well-Ordered Restaurant'
[41975] Nihon mukashi-banashi: Sarukani (1972) -> Entity not found across all search vectors. Searched: 'Nihon mukashi-banashi: Sarukani'
[41589] Narita: The Sky of May (1977) -> Entity not found across all search vectors. Searched: 'Narita: The Sky of May'
[33177] Narita: Heta Village (1973) -> Entity not found across all search vectors. Searched: 'Narita: Heta Village'
[48653] Sanrizuka: Iwayama ni tetto ga dekita (1972) -> Entity not found across all search vectors. Searched: 'Sanrizuka: Iwayama ni tetto ga dekita'
[54967] Three-Day War in Narita, The (1970) -> Entity not found across all search vectors. Searched: 'The Three-Day War in Narita'
[20767] Ferocious Saint Lord of the Gobi (1998) -> Entity not found across all search vectors. Searched: 'Ferocious Saint Lord of the Gobi'
[19852] Phörpa (1999) -> Entity not found across all search vectors. Searched: 'Phörpa'
[42233] Cudo nevidjeno (1984) -> Entity not found across all search vectors. Searched: 'Cudo nevidjeno'
[22182] People in Sheffield (1965) -> Entity not found across all search vectors. Searched: 'People in Sheffield'
[49484] Sobyan wa banat (1995) -> Entity not found across all search vectors. Searched: 'Sobyan wa banat'
[20805] Marcides (1993) -> Entity not found across all search vectors. Searched: 'Marcides'
[51470] Iratta jeevitham (2018) -> Entity not found across all search vectors. Searched: 'Iratta jeevitham'
[34842] Oversimplication of Her Beauty, An (2012) -> Entity not found across all search vectors. Searched: 'An Oversimplication of Her Beauty'
[49867] Pan-Cinema Permante (2008) -> Entity not found across all search vectors. Searched: 'Pan-Cinema Permante'
[52889] Malchiki v nebe (2003) -> Entity not found across all search vectors. Searched: 'Malchiki v nebe'
[46550] Easy Fault (2015) -> Entity not found across all search vectors. Searched: 'Easy Fault'
[48164] Camera Falls from Airplane and Lands in Pig Pen (2014) -> Entity not found across all search vectors. Searched: 'Camera Falls from Airplane and Lands in Pig Pen'
[34345] Manopsychotisches Ballett (1970) -> Entity not found across all search vectors. Searched: 'Manopsychotisches Ballett'
[21170] Film Aktions (1970) -> Entity not found across all search vectors. Searched: 'Film Aktions'
[43142] Système Zsygmondy, Le (2000) -> Entity not found across all search vectors. Searched: 'Le Système Zsygmondy'
[34295] Brigette et Brigette (1966) -> Entity not found across all search vectors. Searched: 'Brigette et Brigette'
[39687] Nefandus Trilogy (2013) -> Entity not found across all search vectors. Searched: 'Nefandus Trilogy'
[44069] Hyaku hachi (2008) -> Entity not found across all search vectors. Searched: 'Hyaku hachi'
[44020] Opening Night of Close-Up (1996) -> Entity not found across all search vectors. Searched: 'Opening Night of Close-Up'
[34348] City of Photographers, The (2006) -> Entity not found across all search vectors. Searched: 'The City of Photographers'
[38578] Ana Cristina Cesar (1990) -> Entity not found across all search vectors. Searched: 'Ana Cristina Cesar'
[37290] Civilisation Compilation (1972) -> Entity not found across all search vectors. Searched: 'Civilisation Compilation'
[47238] Passion of María Elena, The (2003) -> Entity not found across all search vectors. Searched: 'The Passion of María Elena'
[24764] Nodir Naam Madhumati (1994) -> Entity not found across all search vectors. Searched: 'Nodir Naam Madhumati'
[25418] Lady from Musashino, The (1951) -> Entity not found across all search vectors. Searched: 'The Lady from Musashino'
[50008] Buben, baraban (2009) -> Entity not found across all search vectors. Searched: 'Buben, baraban'
[44138] Tange Sazen Monkey Pot Moss (1954) -> Entity not found across all search vectors. Searched: 'Tange Sazen Monkey Pot Moss'
[48758] Albert Pinto Ko Gussa Kyon Ata Hau (1980) -> Entity not found across all search vectors. Searched: 'Albert Pinto Ko Gussa Kyon Ata Hau'
[53666] Pervyy etazh (1990) -> Entity not found across all search vectors. Searched: 'Pervyy etazh'
[41539] Takaya pozdnyaya, takaya tyoplaya osen (1981) -> Entity not found across all search vectors. Searched: 'Takaya pozdnyaya, takaya tyoplaya osen'
[23970] Unfinished Piece for the Player Piano (1977) -> Entity not found across all search vectors. Searched: 'Unfinished Piece for the Player Piano'
[22337] Fudoh: The Next Generation (1996) -> Entity not found across all search vectors. Searched: 'Fudoh: The Next Generation'
[20816] Opening of Misty Beethoven, The (1976) -> Entity not found across all search vectors. Searched: 'The Opening of Misty Beethoven'
[31967] Moon at Arm's Length, The (1898) -> Entity not found across all search vectors. Searched: 'The Moon at Arm's Length'
[33331] Paradise Not Yet Lost, or Oona's Third Year (1980) -> Entity not found across all search vectors. Searched: 'Paradise Not Yet Lost, or Oona's Third Year'
[35041] Ejareh-Nesheenha (1986) -> Entity not found across all search vectors. Searched: 'Ejareh-Nesheenha'
[37275] With Orson Welles: Stories of a Life in Film [TV] (1990) -> Entity not found across all search vectors. Searched: 'With Orson Welles: Stories of a Life in Film'
[46951] Alex Wheatle (2020) -> Entity not found across all search vectors. Searched: 'Alex Wheatle'
[51104] Carib's Leap (2002) -> Entity not found across all search vectors. Searched: 'Carib's Leap'
[32233] Polychrome Phantasy (1935) -> Entity not found across all search vectors. Searched: 'Polychrome Phantasy'
[26876] Thundercrack! (1975) -> Entity not found across all search vectors. Searched: 'Thundercrack!'
[50153] Sleeping Ember (1928) -> Entity not found across all search vectors. Searched: 'Sleeping Ember'
[53598] Lyubit po-russki (1995) -> Entity not found across all search vectors. Searched: 'Lyubit po-russki'
[27366] Douglas Bravo, Venezuela (1970) -> Entity not found across all search vectors. Searched: 'Douglas Bravo, Venezuela'
[37270] Before Flying Back to the Earth (2005) -> Entity not found across all search vectors. Searched: 'Before Flying Back to the Earth'
[51007] Komisary (1971) -> Entity not found across all search vectors. Searched: 'Komisary'
[33202] Episode 3: 'Enjoy Poverty' (2009) -> Entity not found across all search vectors. Searched: 'Episode 3: 'Enjoy Poverty''
[30201] Tragodia tou Aigaiou, I (1961) -> Entity not found across all search vectors. Searched: 'I Tragodia tou Aigaiou'
[50509] Of Blood, Of Pleasure and of Death (1948) -> Entity not found across all search vectors. Searched: 'Of Blood, Of Pleasure and of Death'
[22620] 	iCuba Sí! (1961) -> Entity not found across all search vectors. Searched: 'iCuba Sí!'
[46892] Chastnye kroniki. Monolog (1999) -> Entity not found across all search vectors. Searched: 'Chastnye kroniki. Monolog'
[39673] Boys Keep Swinging [Music Video] (1979) -> Entity not found across all search vectors. Searched: 'Boys Keep Swinging'
[49768] And the Dogs Were Quiet (1978) -> Entity not found across all search vectors. Searched: 'And the Dogs Were Quiet'
[48141] Travelling Ruffian, The (1958) -> Entity not found across all search vectors. Searched: 'The Travelling Ruffian'
[29506] Jirocho sangokuchi (1953) -> Entity not found across all search vectors. Searched: 'Jirocho sangokuchi'
[41914] Byakuya no Kyoen (1932) -> Entity not found across all search vectors. Searched: 'Byakuya no Kyoen'
[43365] Uthiri Pookkal (1979) -> Entity not found across all search vectors. Searched: 'Uthiri Pookkal'
[17455] Incredibly True Adventures of Two Girls in Love, The (1995) -> Entity not found across all search vectors. Searched: 'The Incredibly True Adventures of Two Girls in Love'
[41955] Bloody Sword of the 99th Virgin, The (1959) -> Entity not found across all search vectors. Searched: 'The Bloody Sword of the 99th Virgin'
[54911] Magos tos Athinas, O (1931) -> Entity not found across all search vectors. Searched: 'O Magos tos Athinas'
[38340] Robert and Beltran (1915) -> Entity not found across all search vectors. Searched: 'Robert and Beltran'
[49537] Ye ban ge sheng xu ji (1941) -> Entity not found across all search vectors. Searched: 'Ye ban ge sheng xu ji'
[28693] Dejeuner du chat, Le (1895) -> Entity not found across all search vectors. Searched: 'Le Dejeuner du chat'
[46806] False Cripple, The (1903) -> Entity not found across all search vectors. Searched: 'The False Cripple'
[42664] Panorama du Grand Canal vu d'un bateau (1896) -> Entity not found across all search vectors. Searched: 'Panorama du Grand Canal vu d'un bateau'
[53649] Moyi dumky tykhi (2019) -> Entity not found across all search vectors. Searched: 'Moyi dumky tykhi'
[45326] Fraulein and the Sandman, The (2011) -> Entity not found across all search vectors. Searched: 'The Fraulein and the Sandman'
[34198] Loves of Pharoah, The (1922) -> Entity not found across all search vectors. Searched: 'The Loves of Pharoah'
[53312] Gen zong zhui ji (1963) -> Entity not found across all search vectors. Searched: 'Gen zong zhui ji'
[54520] Historias Breves III: Lara y los trenes (1999) -> Entity not found across all search vectors. Searched: 'Historias Breves III: Lara y los trenes'
[54858] Bouquets Series (1994-2025) -> Entity not found across all search vectors. Searched: 'Bouquets Series'
[27654] Bomfunk MC's: Freestyler [Music Video] (1999) -> Entity not found across all search vectors. Searched: 'Bomfunk MC's: Freestyler'
[34590] Martial Club, The (1981) -> Entity not found across all search vectors. Searched: 'The Martial Club'
[23906] Republic Steel Strike Riot Newsreel Footage (1937) -> Entity not found across all search vectors. Searched: 'Republic Steel Strike Riot Newsreel Footage'
[43948] Max Linder as a Toreador (1913) -> Entity not found across all search vectors. Searched: 'Max Linder as a Toreador'
[32088] Boy of the Plantation (1970) -> Entity not found across all search vectors. Searched: 'Boy of the Plantation'
[34592] Reign Behind the Curtain (1983) -> Entity not found across all search vectors. Searched: 'Reign Behind the Curtain'
[53313] Ying xiong tan ke shou (1962) -> Entity not found across all search vectors. Searched: 'Ying xiong tan ke shou'
[28175] Rifleman, The: Duel of Honor [TV] (1958) -> Entity not found across all search vectors. Searched: 'Rifleman, The: Duel of Honor'
[23989] Reves de cuir/Leather Dreams (1992) -> Entity not found across all search vectors. Searched: 'Reves de cuir/Leather Dreams'
[49931] Detective's Trip Around the World, A (1906) -> Entity not found across all search vectors. Searched: 'A Detective's Trip Around the World'
[43406] Tsatsiki, Mum and the Policeman (1999) -> Entity not found across all search vectors. Searched: 'Tsatsiki, Mum and the Policeman'
[46674] Scopitones: Sylvie Vartan (1963) -> Entity not found across all search vectors. Searched: 'Scopitones: Sylvie Vartan'
[33942] Pam & Tommy Lee: Stolen Honeymoon [Video] (1995) -> Entity not found across all search vectors. Searched: 'Pam & Tommy Lee: Stolen Honeymoon'
[37651] Old Mao's 2nd Spring (1984) -> Entity not found across all search vectors. Searched: 'Old Mao's 2nd Spring'
[36623] Naui sarang naui shinbu (1990) -> Entity not found across all search vectors. Searched: 'Naui sarang naui shinbu'
[32401] Way to Sampo, A (1975) -> Entity not found across all search vectors. Searched: 'A Way to Sampo'
[36824] Water Mill, The (1966) -> Entity not found across all search vectors. Searched: 'The Water Mill'
[38523] Yes No Maybe Maybenot (1967) -> Entity not found across all search vectors. Searched: 'Yes No Maybe Maybenot'
[34649] Mec fuld musik (1933) -> Entity not found across all search vectors. Searched: 'Mec fuld musik'
[24036] Inditial D: Drift Racer (2005) -> Entity not found across all search vectors. Searched: 'Inditial D: Drift Racer'
[38584] Brazil Symphony (1951) -> Entity not found across all search vectors. Searched: 'Brazil Symphony'
[39556] Brouillard: Passage #14 (2014) -> Entity not found across all search vectors. Searched: 'Brouillard: Passage #14'
[8269] 1,000 Eyes of Dr. Mabuse, The (1960) -> Entity not found across all search vectors. Searched: 'The 1,000 Eyes of Dr. Mabuse'
[51768] Spiders - Episode 2: The Diamond Ship, The (1920) -> Entity not found across all search vectors. Searched: 'The Spiders - Episode 2: The Diamond Ship'
[50504] Remeadial Reading Comprehension (1970) -> Entity not found across all search vectors. Searched: 'Remeadial Reading Comprehension'
[44030] Madonna: Material Girl [MUSIC VIDEO] (1985) -> Entity not found across all search vectors. Searched: 'Madonna: Material Girl'
[42372] Retrospectoscope (1997) -> Entity not found across all search vectors. Searched: 'Retrospectoscope'
[47319] Good Bye Mandima (2010) -> Entity not found across all search vectors. Searched: 'Good Bye Mandima'
[53896] Cinéastes de notre temps: D'un silence l'autre [TV] (1967) -> Entity not found across all search vectors. Searched: 'Cinéastes de notre temps: D'un silence l'autre'
[44221] Glass Johnny: Looks Like a Beast (1962) -> Entity not found across all search vectors. Searched: 'Glass Johnny: Looks Like a Beast'
[29209] Ichiro Sayuri: Nureta yokujo (1972) -> Entity not found across all search vectors. Searched: 'Ichiro Sayuri: Nureta yokujo'
[20819] Purab Aur Pacchim (1970) -> Entity not found across all search vectors. Searched: 'Purab Aur Pacchim'
[20570] Silver Wind (1954) -> Entity not found across all search vectors. Searched: 'Silver Wind'
[33090] His Wife is a Hen (1990) -> Entity not found across all search vectors. Searched: 'His Wife is a Hen'
[53749] Yshov tramvay N° 9 (2002) -> Entity not found across all search vectors. Searched: 'Yshov tramvay N° 9'
[35197] Tres vecas Ana (1961) -> Entity not found across all search vectors. Searched: 'Tres vecas Ana'
[51647] Serial: Season 1 [Podcast] (2014) -> Entity not found across all search vectors. Searched: 'Serial: Season 1'
[53935] Posledniy son Anatoliya Vasilievicha (1990) -> Entity not found across all search vectors. Searched: 'Posledniy son Anatoliya Vasilievicha'
[33339] Funeral Fest, Burial Lunch (1969) -> Entity not found across all search vectors. Searched: 'Funeral Fest, Burial Lunch'
[21889] Selva, Un portrait de Parvameh Navai (1983) -> Entity not found across all search vectors. Searched: 'Selva, Un portrait de Parvameh Navai'
[23576] Pharoah's Belt, The (1993) -> Entity not found across all search vectors. Searched: 'The Pharoah's Belt'
[53318] Kawanakajima kassen (1941) -> Entity not found across all search vectors. Searched: 'Kawanakajima kassen'
[5584] Wait 'Til the Sun Shines, Nellie (1952) -> Entity not found across all search vectors. Searched: 'Wait 'Til the Sun Shines, Nellie'
[44892] EMPz for Life (2006) -> Entity not found across all search vectors. Searched: 'EMPz for Life'
[52886] Khasani-arobakash (1965) -> Entity not found across all search vectors. Searched: 'Khasani-arobakash'
[53675] Radd-e-pay-e-gorg (1993) -> Entity not found across all search vectors. Searched: 'Radd-e-pay-e-gorg'
[39201] Chungyo (1972) -> Entity not found across all search vectors. Searched: 'Chungyo'
[36813] Hyeon Hae-tan Knows (1961) -> Entity not found across all search vectors. Searched: 'Hyeon Hae-tan Knows'
[53051] Chaudes adolescentes (1981) -> Entity not found across all search vectors. Searched: 'Chaudes adolescentes'
[25253] Scott Walker: 30th Century Man (2006) -> Entity not found across all search vectors. Searched: 'Scott Walker: 30th Century Man'
[38434] Mera Goan Mera Desh (1971) -> Entity not found across all search vectors. Searched: 'Mera Goan Mera Desh'
[46635] Boniface's Vacation (1965) -> Entity not found across all search vectors. Searched: 'Boniface's Vacation'
[52878] Belye, belye aisty (1966) -> Entity not found across all search vectors. Searched: 'Belye, belye aisty'
[46548] Brillianty. Vorovstvo (2011) -> Entity not found across all search vectors. Searched: 'Brillianty. Vorovstvo'
[53664] Koliyivshchyna (1933) -> Entity not found across all search vectors. Searched: 'Koliyivshchyna'
[48043] Mind of Clay, The (1985) -> Entity not found across all search vectors. Searched: 'The Mind of Clay'
[10714] Whatever Happened to Aunt Alice? (1969) -> Entity not found across all search vectors. Searched: 'Whatever Happened to Aunt Alice?'
[21219] Kusatori Zoshi/A Grasscutter's Tale (1985) -> Entity not found across all search vectors. Searched: 'Kusatori Zoshi/A Grasscutter's Tale'
[32155] Thai Saheba (1997) -> Entity not found across all search vectors. Searched: 'Thai Saheba'
[49789] We Can Go Through All of This (1977) -> Entity not found across all search vectors. Searched: 'We Can Go Through All of This'
[44199] Menya zovut kozha (1964) -> Entity not found across all search vectors. Searched: 'Menya zovut kozha'
[45877] Attack on Democracy: An Intervention (2012) -> Entity not found across all search vectors. Searched: 'Attack on Democracy: An Intervention'
[32137] Day Shall Dawn, The (1959) -> Entity not found across all search vectors. Searched: 'The Day Shall Dawn'
[32453] Shestoye iyulya (1969) -> Entity not found across all search vectors. Searched: 'Shestoye iyulya'
[41902] Record of Blood: Sunagawa (1957) -> Entity not found across all search vectors. Searched: 'Record of Blood: Sunagawa'
[44999] Shinano fudoki yori: Kobayashi Issa (1941) -> Entity not found across all search vectors. Searched: 'Shinano fudoki yori: Kobayashi Issa'
[50977] Elevator Girls in Bondage (1972) -> Entity not found across all search vectors. Searched: 'Elevator Girls in Bondage'
[24765] Shimana Perye (1977) -> Entity not found across all search vectors. Searched: 'Shimana Perye'
[23348] Mutter Krausen's Farhrt ins Gluck (1929) -> Entity not found across all search vectors. Searched: 'Mutter Krausen's Farhrt ins Gluck'
[37025] Children of Golzow, The (1961-2007) -> Entity not found across all search vectors. Searched: 'The Children of Golzow'
[25402] Heshang - The River Elegy (1988) -> Entity not found across all search vectors. Searched: 'Heshang - The River Elegy'
[53452] Flying Lotus: Until the Quiet Comes (2013) -> Entity not found across all search vectors. Searched: 'Flying Lotus: Until the Quiet Comes'
[51100] Fatboy Slim: Praise You [MUSIC VIDEO] (1999) -> Entity not found across all search vectors. Searched: 'Fatboy Slim: Praise You'
[43864] Art of Organized Noise, The (2016) -> Entity not found across all search vectors. Searched: 'The Art of Organized Noise'
[53303] Shi san ling shui ku chang xiang qu (1958) -> Entity not found across all search vectors. Searched: 'Shi san ling shui ku chang xiang qu'
[18620] Postman/Youchai (1995) -> Entity not found across all search vectors. Searched: 'Postman/Youchai'
[43945] Nick Carter, le roi des détectives - Épisode 1: Guêt-apens (1908) -> Entity not found across all search vectors. Searched: 'Nick Carter, le roi des détectives - Épisode 1: Guêt-apens'
[19888] Lies/Kojitmal (1999) -> Entity not found across all search vectors. Searched: 'Lies/Kojitmal'
[36633] Gameui beobjig (1994) -> Entity not found across all search vectors. Searched: 'Gameui beobjig'
[21825] 17th Parallel: Vietnam in War (1968) -> Entity not found across all search vectors. Searched: '17th Parallel: Vietnam in War'
[45342] Ware maboroshi no sakana o mitari (1950) -> Entity not found across all search vectors. Searched: 'Ware maboroshi no sakana o mitari'
[41921] Zoku ôoka seidan mazohe daiichi (1930) -> Entity not found across all search vectors. Searched: 'Zoku ôoka seidan mazohe daiichi'
[41683] Chuji's Travel Diary: The Official Story (1927) -> Entity not found across all search vectors. Searched: 'Chuji's Travel Diary: The Official Story'
[22667] Zoko Miyamoto Musashi/Samurai II (1955) -> Entity not found across all search vectors. Searched: 'Zoko Miyamoto Musashi/Samurai II'
[41978] Umi wo wataru sairei (1941) -> Entity not found across all search vectors. Searched: 'Umi wo wataru sairei'
[46840] On Belfast Beach (2000) -> Entity not found across all search vectors. Searched: 'On Belfast Beach'
[45274] Muhomatsu Returns Home [TV] (1973) -> Entity not found across all search vectors. Searched: 'Muhomatsu Returns Home'
[53232] Taebaek sanmaek (1994) -> Entity not found across all search vectors. Searched: 'Taebaek sanmaek'
[45069] Gaebyeok (1991) -> Entity not found across all search vectors. Searched: 'Gaebyeok'
[32085] Women and Millions (1961) -> Entity not found across all search vectors. Searched: 'Women and Millions'
[10927] Quackser Fortune Has A Cousin in the Bronx/Fun Loving (1970) -> Entity not found across all search vectors. Searched: 'Quackser Fortune Has A Cousin in the Bronx/Fun Loving'
[46612] Unicorn in the Garden, A (1953) -> Entity not found across all search vectors. Searched: 'A Unicorn in the Garden'
[34543] Wong Fei-Hung Burns the Tyrant's Lair (1949) -> Entity not found across all search vectors. Searched: 'Wong Fei-Hung Burns the Tyrant's Lair'
[29147] Electric Princess Picture House, The (2007) -> Entity not found across all search vectors. Searched: 'The Electric Princess Picture House'
[47494] Outer Limits: The Zanti Misfits, The [TV] (1963) -> Entity not found across all search vectors. Searched: 'The Outer Limits: The Zanti Misfits'
[32373] Abandoned Field: Free Fire Zone, The (1979) -> Entity not found across all search vectors. Searched: 'The Abandoned Field: Free Fire Zone'
[29322] Sorority Sex Kittens 3 (1997) -> Entity not found across all search vectors. Searched: 'Sorority Sex Kittens 3'
[42430] Trouble-Solving Broker, The (1982) -> Entity not found across all search vectors. Searched: 'The Trouble-Solving Broker'
[21606] Amandia!: A Revolution in Four Part Harmony (2002) -> Entity not found across all search vectors. Searched: 'Amandia!: A Revolution in Four Part Harmony'
[32804] Mois d'avril son meurtriers, Les (1987) -> Entity not found across all search vectors. Searched: 'Les Mois d'avril son meurtriers'
[54907] Peripeteiai tou Villar (1924) -> Entity not found across all search vectors. Searched: 'Peripeteiai tou Villar'
[50009] Black Mirror: San Junipero [TV] (2016) -> Entity not found across all search vectors. Searched: 'Black Mirror: San Junipero'
[32303] Sex, Okra and Salted Butter [TV] (2008) -> Entity not found across all search vectors. Searched: 'Sex, Okra and Salted Butter'
[48752] Cherry Tree with Grey Blossoms, The (1977) -> Entity not found across all search vectors. Searched: 'The Cherry Tree with Grey Blossoms'
[32148] This is My Moon (2000) -> Entity not found across all search vectors. Searched: 'This is My Moon'
[17512] Joseph Conrad's The Secret Agent/The Secret Agent (1996) -> Entity not found across all search vectors. Searched: 'Joseph Conrad's The Secret Agent/The Secret Agent'
[26854] Sex Garage (1972) -> Entity not found across all search vectors. Searched: 'Sex Garage'
[39667] L.A. Plays Itself (1972) -> Entity not found across all search vectors. Searched: 'L.A. Plays Itself'
[52963] Hikayet el omr kulluh (1965) -> Entity not found across all search vectors. Searched: 'Hikayet el omr kulluh'
[35420] Pulp: A Film About Life, Death and Supermarkets (2014) -> Entity not found across all search vectors. Searched: 'Pulp: A Film About Life, Death and Supermarkets'
[35209] Chile, the Obstinate Memory (1997) -> Entity not found across all search vectors. Searched: 'Chile, the Obstinate Memory'
[41798] Home: A Documentary About Four Families (1979) -> Entity not found across all search vectors. Searched: 'Home: A Documentary About Four Families'
[22783] Donne-mois tes yeux (1943) -> Entity not found across all search vectors. Searched: 'Donne-mois tes yeux'
[31921] Memory Haunts My Reverie, The (1981) -> Entity not found across all search vectors. Searched: 'The Memory Haunts My Reverie'
[54507] Everyday Words Disappear (2016) -> Entity not found across all search vectors. Searched: 'Everyday Words Disappear'
[42185] Slepoy dozhd (1968) -> Entity not found across all search vectors. Searched: 'Slepoy dozhd'
[49883] Ad Sof Halaylah (1985) -> Entity not found across all search vectors. Searched: 'Ad Sof Halaylah'
[50489] Police Call 110: Die Lüge, die wir Zukunft nennen [TV] (2019) -> Entity not found across all search vectors. Searched: 'Police Call 110: Die Lüge, die wir Zukunft nennen'
[26454] Tatort: Frau Bulacht [TV] (1995) -> Entity not found across all search vectors. Searched: 'Tatort: Frau Bulacht'
[37825] Can't Change the Meeting Place [TV] (1979) -> Entity not found across all search vectors. Searched: 'Can't Change the Meeting Place'
[43712] White Stripes: Fell in Love with a Girl, The [VIDEO] (2002) -> Entity not found across all search vectors. Searched: 'The White Stripes: Fell in Love with a Girl'
[51057] Rito y geografía del cante [TV] (1971-73) -> Entity not found across all search vectors. Searched: 'Rito y geografía del cante'
[41486] Remerciements de Jean-Luc Godard à son Prix d'honneur du cinéma suisse (2015) -> Entity not found across all search vectors. Searched: 'Remerciements de Jean-Luc Godard à son Prix d'honneur du cinéma suisse'
[23885] March of Time: Inside Nazi Germany (1938) -> Entity not found across all search vectors. Searched: 'March of Time: Inside Nazi Germany'
[23158] Inventaire Balkanique (2000) -> Entity not found across all search vectors. Searched: 'Inventaire Balkanique'
[48662] Diana's Mirror (1996) -> Entity not found across all search vectors. Searched: 'Diana's Mirror'
[33976] Group I - VIII (1969-80) -> Entity not found across all search vectors. Searched: 'Group I - VIII'
[53266] Osvobozhdyonnyy Kitay (1951) -> Entity not found across all search vectors. Searched: 'Osvobozhdyonnyy Kitay'
[40895] Figuras de guerra (2010) -> Entity not found across all search vectors. Searched: 'Figuras de guerra'
[38451] Adaminte Variyellu (1983) -> Entity not found across all search vectors. Searched: 'Adaminte Variyellu'
[54873] Giverny Suite, The (2019) -> Entity not found across all search vectors. Searched: 'The Giverny Suite'
[37808] Esperpentos [TV] (2008) -> Entity not found across all search vectors. Searched: 'Esperpentos'
[19787] El Paso Wrecking Corp. (1978) -> Entity not found across all search vectors. Searched: 'El Paso Wrecking Corp.'
[53025] She, or Nobody (1932) -> Entity not found across all search vectors. Searched: 'She, or Nobody'
[10899] Mumsy, Nanny, Sonny and Girly (1970) -> Entity not found across all search vectors. Searched: 'Mumsy, Nanny, Sonny and Girly'
[46457] Welcome to Chechyna (2020) -> Entity not found across all search vectors. Searched: 'Welcome to Chechyna'
[46456] Death and Life of Martha P. Johnson, The (2017) -> Entity not found across all search vectors. Searched: 'The Death and Life of Martha P. Johnson'
[1303] Rome Express, The (1932) -> Entity not found across all search vectors. Searched: 'The Rome Express'
[31856] () (2003) -> Entity not found across all search vectors. Searched: ''
[54913] Tragoudi tou horismou, To (1940) -> Entity not found across all search vectors. Searched: 'Tragoudi tou horismou, To'
[51023] What Makes This Song Stink, Episodes 1-7 (2021) -> Entity not found across all search vectors. Searched: 'What Makes This Song Stink, Episodes 1-7'
[54908] Anna Roditi (1948) -> Entity not found across all search vectors. Searched: 'Anna Roditi'
[28316] Compasso de Espera, Em (1969) -> Entity not found across all search vectors. Searched: 'Compasso de Espera, Em'
[42794] Nathan for You: Finding Frances [TV] (2017) -> Entity not found across all search vectors. Searched: 'Nathan for You: Finding Frances'
[50936] Vampires: The Terrible Wedding, The (1916) -> Entity not found across all search vectors. Searched: 'The Vampires: The Terrible Wedding'
[37149] Orchestra of Piazza Vittorio, The (2006) -> Entity not found across all search vectors. Searched: 'The Orchestra of Piazza Vittorio'
[23581] Age of Possibilities, The (1995) -> Entity not found across all search vectors. Searched: 'The Age of Possibilities'
[44910] Kate Bornstein is a Queer and Pleasant Danger (2014) -> Entity not found across all search vectors. Searched: 'Kate Bornstein is a Queer and Pleasant Danger'
[43376] Manichitthrathazhu (1993) -> Entity not found across all search vectors. Searched: 'Manichitthrathazhu'
[37111] Auge/Maschine I-III [TV] (2001-03) -> Entity not found across all search vectors. Searched: 'Auge/Maschine I-III'
[22503] Assault on the Paytrain (1962) -> Entity not found across all search vectors. Searched: 'Assault on the Paytrain'
[18690] Occurence at Owl Creek Bridge, An (1961) -> Entity not found across all search vectors. Searched: 'An Occurence at Owl Creek Bridge'
[23391] Isolle nella laguana (1948) -> Entity not found across all search vectors. Searched: 'Isolle nella laguana'
[21204] Book of All the Dead (1974) -> Entity not found across all search vectors. Searched: 'Book of All the Dead'
[50630] Sawwaq el-Utubis (1982) -> Entity not found across all search vectors. Searched: 'Sawwaq el-Utubis'
[52962] Hayat ou maut (1954) -> Entity not found across all search vectors. Searched: 'Hayat ou maut'
[42253] El majanin fi naim (1963) -> Entity not found across all search vectors. Searched: 'El majanin fi naim'
[41757] Ivan the Terrible, Part 3 (1947) -> Entity not found across all search vectors. Searched: 'Ivan the Terrible, Part 3'
[39832] I Know How Many Runs You Scored Las Summer (2008) -> Entity not found across all search vectors. Searched: 'I Know How Many Runs You Scored Las Summer'
[48671] Negative Hands, The (1978) -> Entity not found across all search vectors. Searched: 'The Negative Hands'
[40729] Entire Days Among the Trees (1976) -> Entity not found across all search vectors. Searched: 'Entire Days Among the Trees'
[23358] This Ancient Law (1923) -> Entity not found across all search vectors. Searched: 'This Ancient Law'
[51121] American Playhouse: The Killing Floor [TV] (1984) -> Entity not found across all search vectors. Searched: 'American Playhouse: The Killing Floor'
[13900] Winter of Our Dreams, The (1981) -> Entity not found across all search vectors. Searched: 'The Winter of Our Dreams'
[51909] My Life is for the Rest of My Life (1980) -> Entity not found across all search vectors. Searched: 'My Life is for the Rest of My Life'
[40453] Theo and Hugo (2016) -> Entity not found across all search vectors. Searched: 'Theo and Hugo'
[28330] Vereda de Salvacao (1964) -> Entity not found across all search vectors. Searched: 'Vereda de Salvacao'
[43187] Truth on the Salvota Affair, The (1980) -> Entity not found across all search vectors. Searched: 'The Truth on the Salvota Affair'
[45442] Luminous Intimacy [FESTIVAL RETROSPECTIVE] (2015) -> Entity not found across all search vectors. Searched: 'Luminous Intimacy'
[32180] Images of Finland (1971) -> Entity not found across all search vectors. Searched: 'Images of Finland'
[53309] Kun lun shan shang yi ke cao (1962) -> Entity not found across all search vectors. Searched: 'Kun lun shan shang yi ke cao'
[37086] Forty Minutes: Heart of the Angel [TV] (1989) -> Entity not found across all search vectors. Searched: 'Forty Minutes: Heart of the Angel'
[31898] Forty Minutes: Home from the Hill [TV] (1987) -> Entity not found across all search vectors. Searched: 'Forty Minutes: Home from the Hill'
[54667] Julie est amourese (1998) -> Entity not found across all search vectors. Searched: 'Julie est amourese'
[38745] Panorama of Ealing from a Moving Train (1901) -> Entity not found across all search vectors. Searched: 'Panorama of Ealing from a Moving Train'
[36999] Ways of Seeing: Part 1 [TV] (1972) -> Entity not found across all search vectors. Searched: 'Ways of Seeing: Part 1'
[37109] Independent Lens: Imelda [TV] (2005) -> Entity not found across all search vectors. Searched: 'Independent Lens: Imelda'
[24722] Profiles of Farmers Chapter 2: Daily Life (2005) -> Entity not found across all search vectors. Searched: 'Profiles of Farmers Chapter 2: Daily Life'
[46466] Africa, How Are You with Pain? (1996) -> Entity not found across all search vectors. Searched: 'Africa, How Are You with Pain?'
[49477] Numéros zéros (1981) -> Entity not found across all search vectors. Searched: 'Numéros zéros'
[50876] New Order: The Perfect Kiss [MUSIC VIDEO] (1985) -> Entity not found across all search vectors. Searched: 'New Order: The Perfect Kiss'
[25718] When the Road Bends... Tales of a Gypsy Caravan (2006) -> Entity not found across all search vectors. Searched: 'When the Road Bends... Tales of a Gypsy Caravan'
[42558] Nightdreams (1981) -> Entity not found across all search vectors. Searched: 'Nightdreams'
[516] Folies Bergere/The Man from the Folies Bergere (1935) -> Entity not found across all search vectors. Searched: 'Folies Bergere/The Man from the Folies Bergere'
[41812] Northfield Cemetery Massacre (1976) -> Entity not found across all search vectors. Searched: 'Northfield Cemetery Massacre'
[43849] Équation à un inconnu (1980) -> Entity not found across all search vectors. Searched: 'Équation à un inconnu'
[53541] Olympic Games Held at Chamonix in 1924, The (1925) -> Entity not found across all search vectors. Searched: 'The Olympic Games Held at Chamonix in 1924'
[18648] Ava and Gabriel, A Love Story (1990) -> Entity not found across all search vectors. Searched: 'Ava and Gabriel, A Love Story'
[36695] Erotic Films of Peter De Rome, The (1973) -> Entity not found across all search vectors. Searched: 'The Erotic Films of Peter De Rome'
[43854] Fire Island Kids, The (1971) -> Entity not found across all search vectors. Searched: 'The Fire Island Kids'
[24098] Pretty Peaches (1978) -> Entity not found across all search vectors. Searched: 'Pretty Peaches'
[32431] Fiancee des tenebres, Les (1945) -> Entity not found across all search vectors. Searched: 'Les Fiancee des tenebres'
[51737] Prisoner of the Dark (1986) -> Entity not found across all search vectors. Searched: 'Prisoner of the Dark'
[51720] Heaven is Not Divided (1985) -> Entity not found across all search vectors. Searched: 'Heaven is Not Divided'
[51738] Python at the Old Dome (1952) -> Entity not found across all search vectors. Searched: 'Python at the Old Dome'
[39478] Amazing Truth of Queen Raquela, The (2008) -> Entity not found across all search vectors. Searched: 'The Amazing Truth of Queen Raquela'
[43955] Island Fishermen (1924) -> Entity not found across all search vectors. Searched: 'Island Fishermen'
[52729] Memories Within Miss Aggie (1974) -> Entity not found across all search vectors. Searched: 'Memories Within Miss Aggie'
[20533] Devil in Miss Jones, The (1972) -> Entity not found across all search vectors. Searched: 'The Devil in Miss Jones'
[53461] Living Dead: The Attic, The [TV] (1995) -> Entity not found across all search vectors. Searched: 'The Living Dead: The Attic'
[44023] Aphex Twin: Come to Daddy (1997) -> Entity not found across all search vectors. Searched: 'Aphex Twin: Come to Daddy'
[23015] Glen Falls Sequence (1946) -> Entity not found across all search vectors. Searched: 'Glen Falls Sequence'
[52737] Fireworks Woman, The (1975) -> Entity not found across all search vectors. Searched: 'The Fireworks Woman'
[48581] Pandora's Mirror (1981) -> Entity not found across all search vectors. Searched: 'Pandora's Mirror'
[52947] Wohin und zurück - Teil 1: An uns glaubt Gott nicht mehr - Ferry oder Wie es war [TV] (1982) -> Entity not found across all search vectors. Searched: 'Wohin und zurück - Teil 1: An uns glaubt Gott nicht mehr - Ferry oder Wie es war'
[50937] Messina Disaster, The (1909) -> Entity not found across all search vectors. Searched: 'The Messina Disaster'
[54500] Cuarteto solar, El (2017) -> Entity not found across all search vectors. Searched: 'El Cuarteto solar'
[45882] Digital Desert [INSTALLATION] (2015) -> Entity not found across all search vectors. Searched: 'Digital Desert'
[15082] Burke and Wills (1986) -> Entity not found across all search vectors. Searched: 'Burke and Wills'
[31955] Posledno Iyato (1974) -> Entity not found across all search vectors. Searched: 'Posledno Iyato'
[28331] Viagem aos Seois de Duilia (1964) -> Entity not found across all search vectors. Searched: 'Viagem aos Seois de Duilia'
[55235] Chan Pardesi (1981) -> Entity not found across all search vectors. Searched: 'Chan Pardesi'
[36964] Day We Stared at the Sun [TV Series] (2010) -> Entity not found across all search vectors. Searched: 'Day We Stared at the Sun'
[28376] Xian shi bian (1981) -> Entity not found across all search vectors. Searched: 'Xian shi bian'
[30251] Petits métiers de Paris, Les (1932) -> Entity not found across all search vectors. Searched: 'Les Petits métiers de Paris'
[43981] Xuehua shenjian (1964) -> Entity not found across all search vectors. Searched: 'Xuehua shenjian'
[32166] Rajnighanda (1974) -> Entity not found across all search vectors. Searched: 'Rajnighanda'
[14251] Hell's Angels Forever (1983) -> Entity not found across all search vectors. Searched: 'Hell's Angels Forever'
[53278] Xin ling shen chu (1982) -> Entity not found across all search vectors. Searched: 'Xin ling shen chu'
[53249] Wolfen Queen (1982) -> Entity not found across all search vectors. Searched: 'Wolfen Queen'
[37142] Soviet War Scare 1983 [TV] (2007) -> Entity not found across all search vectors. Searched: 'Soviet War Scare 1983'
[43983] Qiong hua xian zi (1970) -> Entity not found across all search vectors. Searched: 'Qiong hua xian zi'
[43720] Green-Eyed Demoness, The (1967) -> Entity not found across all search vectors. Searched: 'The Green-Eyed Demoness'
[48834] Jomalaye Jibanta Manush (1958) -> Entity not found across all search vectors. Searched: 'Jomalaye Jibanta Manush'
[22721] Dreams of the Red Chambers (1962) -> Entity not found across all search vectors. Searched: 'Dreams of the Red Chambers'
[30900] Joan Lui - ma an giorno nel paese arrivo io di lunedi (1985) -> Entity not found across all search vectors. Searched: 'Joan Lui - ma an giorno nel paese arrivo io di lunedi'
[20507] SXXX80 (1980) -> Entity not found across all search vectors. Searched: 'SXXX80'
[45915] Living and Knowing You're Alive (2019) -> Entity not found across all search vectors. Searched: 'Living and Knowing You're Alive'
[45223] 24 portraits d'Alain Cavalier Pt. 2 (1991) -> Entity not found across all search vectors. Searched: '24 portraits d'Alain Cavalier Pt. 2'
[51745] Secrets of Madonna (1997) -> Entity not found across all search vectors. Searched: 'Secrets of Madonna'
[34273] Barbie Gets Sad Too (2002) -> Entity not found across all search vectors. Searched: 'Barbie Gets Sad Too'
[37076] Doctors, Liars and Women: AUDS Activists Say No to Cosmo (1988) -> Entity not found across all search vectors. Searched: 'Doctors, Liars and Women: AUDS Activists Say No to Cosmo'
[42285] Colour of the Clouds, The (1997) -> Entity not found across all search vectors. Searched: 'The Colour of the Clouds'
[46124] Dog Molina (2014) -> Entity not found across all search vectors. Searched: 'Dog Molina'
[28378] Song of the Fisherman (1934) -> Entity not found across all search vectors. Searched: 'Song of the Fisherman'
[32017] Godfather Mendoza (1934) -> Entity not found across all search vectors. Searched: 'Godfather Mendoza'
[32029] My Memories of Mexico (1944) -> Entity not found across all search vectors. Searched: 'My Memories of Mexico'
[36992] Civil War: The Cause [TV], The (1990) -> Entity not found across all search vectors. Searched: 'The Civil War: The Cause '
[40120] Braddock Chronicles, The (1974-85) -> Entity not found across all search vectors. Searched: 'The Braddock Chronicles'
[50984] People's Account, The (1986) -> Entity not found across all search vectors. Searched: 'The People's Account'
[37074] Tracking Down Maggie: The Unofficial Biography of Margaret Thatcher (1994) -> Entity not found across all search vectors. Searched: 'Tracking Down Maggie: The Unofficial Biography of Margaret Thatcher'
[52860] Peter Brook's the Mahabharata [TV] (1989-90) -> Entity not found across all search vectors. Searched: 'Peter Brook's the Mahabharata'
[41872] Cleveland vs. Wall Street (2010) -> Entity not found across all search vectors. Searched: 'Cleveland vs. Wall Street'
[20855] You Have Been Weighed and Found Wanting (1974) -> Entity not found across all search vectors. Searched: 'You Have Been Weighed and Found Wanting'
[46545] Armorican Suite (2015) -> Entity not found across all search vectors. Searched: 'Armorican Suite'
[43215] Songs 28-30 (1968-69) -> Entity not found across all search vectors. Searched: 'Songs 28-30'
[43214] Songs 24-27 (1967-68) -> Entity not found across all search vectors. Searched: 'Songs 24-27'
[43213] Songs 15-22 (1965-66) -> Entity not found across all search vectors. Searched: 'Songs 15-22'
[25027] Commingled Containers (1997) -> Entity not found across all search vectors. Searched: 'Commingled Containers'
[21935] Chartres Series, The (1994) -> Entity not found across all search vectors. Searched: 'The Chartres Series'
[43217] Sexual Meditation No. 1: Motel (1970) -> Entity not found across all search vectors. Searched: 'Sexual Meditation No. 1: Motel'
[51495] In the Land of Tararanni (1973) -> Entity not found across all search vectors. Searched: 'In the Land of Tararanni'
[35182] Mr. and Mrs. Kabal's Theater (1967) -> Entity not found across all search vectors. Searched: 'Mr. and Mrs. Kabal's Theater'
[42284] Dear Nanny (1986) -> Entity not found across all search vectors. Searched: 'Dear Nanny'
[47359] History of the Seattle Mariners, The [TV] (2020) -> Entity not found across all search vectors. Searched: 'The History of the Seattle Mariners'
[47684] Bob Emergency, The (2019) -> Entity not found across all search vectors. Searched: 'The Bob Emergency'
[50760] Wolves in the Walls (2018) -> Entity not found across all search vectors. Searched: 'Wolves in the Walls'
[38593] Did I Kill Them? (1982) -> Entity not found across all search vectors. Searched: 'Did I Kill Them?'
[53478] 365 Days: This Day (2022) -> Entity not found across all search vectors. Searched: '365 Days: This Day'
[55006] Bhagapirivinai (1959) -> Entity not found across all search vectors. Searched: 'Bhagapirivinai'
[50647] Beychella (2018) -> Entity not found across all search vectors. Searched: 'Beychella'
[22260] Femme de ménagem, Une (2002) -> Entity not found across all search vectors. Searched: 'Femme de ménagem, Une'
[24092] Mona: The Virgin Nymph (1970) -> Entity not found across all search vectors. Searched: 'Mona: The Virgin Nymph'
[39876] Saignaintes, Les (2005) -> Entity not found across all search vectors. Searched: 'Les Saignaintes'
[52895] Sledy ukhodyat za gorizont (1965) -> Entity not found across all search vectors. Searched: 'Sledy ukhodyat za gorizont'
[32953] My Hand Outstretched to the Winged Distance and Sightless Measure (18 film cycle) (1967-2002) -> Entity not found across all search vectors. Searched: 'My Hand Outstretched to the Winged Distance and Sightless Measure'
[50891] Home - A VR Spacewalk [VIDEO GAME] (2016) -> Entity not found across all search vectors. Searched: 'Home - A VR Spacewalk'
[18600] House on Trubnaya Square, The (1928) -> Entity not found across all search vectors. Searched: 'The House on Trubnaya Square'
[37136] Man with a Movie Camera: The Participatory Global Remake an Experiment in Database Cinema for the 21st Century (2007) -> Entity not found across all search vectors. Searched: 'Man with a Movie Camera: The Participatory Global Remake an Experiment in Database Cinema for the 21st Century'
[54625] Song of the Grey Pigeon, A (1961) -> Entity not found across all search vectors. Searched: 'A Song of the Grey Pigeon'
[12164] Coonskin/Streetfight (1975) -> Entity not found across all search vectors. Searched: 'Coonskin/Streetfight'
[41873] Romans d'ados: 2002-2008 1. La fin de l'innocence (2010) -> Entity not found across all search vectors. Searched: 'Romans d'ados: 2002-2008 1. La fin de l'innocence'
[40128] Qiu tian li de chuan tian (1985) -> Entity not found across all search vectors. Searched: 'Qiu tian li de chuan tian'
[18515] Why Has Bohdi-Dharma Left for the East? (1989) -> Entity not found across all search vectors. Searched: 'Why Has Bohdi-Dharma Left for the East?'
[35048] Boodan yaa naboodan (1998) -> Entity not found across all search vectors. Searched: 'Boodan yaa naboodan'
[21943] Son of Gascogne, The (1995) -> Entity not found across all search vectors. Searched: 'The Son of Gascogne'
[53855] Us Dead Talk Love [INSTALLATION] (2012) -> Entity not found across all search vectors. Searched: 'Us Dead Talk Love'
[50882] How the Sausage Dog Work (1972) -> Entity not found across all search vectors. Searched: 'How the Sausage Dog Work'
[37071] Joe Leahy's Neighbours (1989) -> Entity not found across all search vectors. Searched: 'Joe Leahy's Neighbours'
[40169] —- ———- (1967) -> Entity not found across all search vectors. Searched: '—- ———-'
[38425] Hare Raama Hare Krishna (1971) -> Entity not found across all search vectors. Searched: 'Hare Raama Hare Krishna'
[29966] Eat Your Soup (1997) -> Entity not found across all search vectors. Searched: 'Eat Your Soup'
[45441] Ginga: The Soul of Brasilian Fottball (2005) -> Entity not found across all search vectors. Searched: 'Ginga: The Soul of Brasilian Fottball'
[51798] Three Amateurs, The (1933) -> Entity not found across all search vectors. Searched: 'The Three Amateurs'
[21952] Jazz '34: Remembrances of Kansas City Swing [TV] (1996) -> Entity not found across all search vectors. Searched: 'Jazz '34: Remembrances of Kansas City Swing'
[28596] Felice Nanteuil (1945) -> Entity not found across all search vectors. Searched: 'Felice Nanteuil'
[24767] Surja Dighal Bari/The Ominous House (1980) -> Entity not found across all search vectors. Searched: 'Surja Dighal Bari/The Ominous House'
[53587] Traktoristy II (1992) -> Entity not found across all search vectors. Searched: 'Traktoristy II'
[51010] Objetivo cuarenta grados (1969) -> Entity not found across all search vectors. Searched: 'Objetivo cuarenta grados'
[29785] Kol Ho Naa Ho (2003) -> Entity not found across all search vectors. Searched: 'Kol Ho Naa Ho'
[33974] Filmblok (0/1/2) (1957-68) -> Entity not found across all search vectors. Searched: 'Filmblok'
[48042] Healthy People for Fun (1971) -> Entity not found across all search vectors. Searched: 'Healthy People for Fun'
[54788] Evil Deeds of Cherian, The (1979) -> Entity not found across all search vectors. Searched: 'The Evil Deeds of Cherian'
[53686] Vidhyarthigale Ithile Ithile (1971) -> Entity not found across all search vectors. Searched: 'Vidhyarthigale Ithile Ithile'
[33216] Water Carrier Has Died, The (1981) -> Entity not found across all search vectors. Searched: 'The Water Carrier Has Died'
[53384] Magnitnye buri (2003) -> Entity not found across all search vectors. Searched: 'Magnitnye buri'
[52897] Tashkent - gorod khlebny (1968) -> Entity not found across all search vectors. Searched: 'Tashkent - gorod khlebny'
[52901] Ty ne sirota [TV] (1963) -> Entity not found across all search vectors. Searched: 'Ty ne sirota'
